<?xml version="1.0" encoding="UTF-8"?>
<!-- Generated by org.testng.reporters.JUnitReportReporter -->
<testsuite hostname="DESKTOP-I98RHNG" failures="0" tests="1" name="testScripts.LeaveApprove" time="301.528" errors="0" timestamp="21 Jan 2023 04:05:46 GMT" skipped="0">
  <testcase classname="testScripts.LeaveApprove" name="leave" time="301.528"/>
</testsuite> <!-- testScripts.LeaveApprove -->
